@_MLacerda_
@_Wendell_Souza
@100Marco100
@a_mandioquinha
@a_postagem
@ADEMILTONadv
@AdrianoArgolo
@adrianohidalgo
@aEduardocGomes
@afonsoluper
@afraneo
@agenciabrasil
@agsportlight
@aguedescartoon
@alcileneblog
@aldymalcher
@alefrotabrasil
@alex_borges
@alexpalestra33
@alextuy
@allantercalivre
@amandaramalhos
@AnaliseEnergia
@anarcobs
@AndreaGabriel70
@andrefran
@AndreiaSadi
@AndreiRT
@andrizek
@angelolelio
@Araujo8Costa
@ArlineArcuri
@arthurfoli
@arturbuzina
@Arturdarocha
@aruthcao
@assimdisseojoao
@astrudthefly
@Athiabalba
@AucicleiPereira
@autoramaria
@AVENAoficial
@ayubio
@Azafega
@bbcbrasil
@BecaBrix
@BelchiorcCosta
@belinha_Inez
@benebarbosa_mvb
@BereniceVieir11
@bernardopkuster
@BhzKika
@Biakicis
@bing75875
@Blog_Cesar_Weis
@BlogdoBG
@BlogdoNoblat
@BlogDoPim
@BlogOlhoNaMira
@bluetms1001
@bluexpilots
@Bob_Fernandes
@Bolsonarianas2
@bolsonaro_train
@Bolsonaro1712
@BolsonaroDeus
@Bolsoneas
@Bopressor20
@brasil247
@BrbaraFerraz12
@BrGil39
@brsamba
@busyandidiot
@BuzzFeedBrasil
@Ca_Moredi
@cadulorena
@cafecomferri
@campomouraopr
@CanalRapRJ
@caodomoletom
@carapanarana
@carinavitral
@CarlosBolsonaro
@carolbtr
@carolproner
@cartoriosdequem
@CavalcanteLione
@celiatahan
@cemiguel
@cfbarbosa
@ChcaririJose
@CheCocaCola
@chicogregorio
@Cidadao_S
@Cidadaodopovo
@CintiaGonales
@CiroZibordi
@citadini
@claudioedantas
@CleberAmaral_
@cleriston90
@CleristonCRF
@CmteErik
@cnpissarra
@coalacroata
@coimbraricardo
@conexaopolitica
@congemfoco
@CoracaoFerido2
@cornholio_m
@Coroasso
@correio
@correio_dopovo
@crf_damotta
@crieipronto
@cvazmarques
@cvmacedog
@cynaramenezes
@danielamercury
@danilo_sanches
@DaniloGentili
@DarioAlok
@dariojjunior
@DCM_online
@deby03
@deciolimapt
@DecioNeves
@deniseaeg
@DennisOnTheNet
@Desesquerdizada
@dhnetdh
@diarioonline
@diguinhocoruja
@diogomainardi
@Direita_Network
@DIREITAUSA
@DOMPRlME
@DonaRegina111
@dorivas5
@DrReynaldo
@dvieirasv
@edi_lson
@EdmaRZanardo
@edmilsonpapo10
@edusilvafogo
@elenalandau
@Eliseu_SS
@emicida
@emirsader
@erikakokay
@esquerdanao
@EsquerdaValente
@est4dohir4mico
@Estadao
@EstadaoPolitica
@euclarice
@EuPaarei
@EuSouMBC
@Everton93596496
@EvFernando
@evilFonss
@evsonmatias
@ewmazi
@exame
@FabianaDiniz39
@fabioandrade72
@FabiolaMathiasT
@fatooufake
@FatosEsquerda
@federicodevito
@feh_skywalker
@FelipeUFO
@FernandoHoliday
@ffily
@ffsfreitas
@fixrue
@flarabelinho
@FlavioBolsonaro
@flaviohumanas
@flaviomorgen
@FlavioXSid
@fmaier50
@fn7k
@folha
@folha_poder
@Foralula
@foxbruxo
@Francis42913322
@francivaldou
@franja_80
@fridakaldos
@frjunioradv
@fuckinmadhatter
@g1
@g1mundo
@g1politica
@Ga_Curty
@gambiarra0
@gatadeporao
@gcamposrosa
@gduvivier
@GenPauloChagas
@Geraldo13924786
@Gerd_Klotz
@gguedes
@giovannac1973
@GoiasBrasil_voz
@GolpeNuncaMais
@goncalompsb
@gospelprime
@GraaVieira
@GreenpeaceBR
@GrupoMetropole
@Guerra00001
@Gufescobar
@gurovitz
@GusLanzetta
@gutoalvesp
@Haddad_Femando
@Haddad_Fernando
@HaiekSe
@Hariovaldo
@harujjk
@hbredda
@helenagsoo
@HelioNogueiraTV
@HemiG215
@Herculano_VBoas
@herrlights
@hiraitic
@httpskp
@iagoIV
@Iexandre
@igorfrancz
@igpassos_
@inespedrosa_pt
@infomoney
@ingrifx
@iollinda
@Itspedrito
@ivone_medeiros
@ivonefrp
@JabesAlencar
@jacoliveira
@jairbolsonaro
@JamilChade
@Jane12299496
@JDIASANETO
@Jeff_Eugenio
@jfurtado2222
@jgambaster
@jjaimebr
@JoelAlexandreM
@joelmdecarvalho
@joflcina5721
@JonasEm36235201
@jor_claudiney
@JorgeRibeiroSE
@JornalDaCidadeO
@JornaldoBrasil
@jornalextra
@Jornalismo2018
@JornalismoWando
@JornalOGlobo
@JoseMedeirosMT
@JotaKar
@JovemPanNews
@jRicardo_20
@Juarezelone
@JullyEspelho
@JuMagalhaesBH
@KarinaP10269766
@lafaeu
@lasliborio
@Lauragomessant1
@laurojardim
@LCMarinho
@LeandroGouveia
@leodopastel
@Leonardobulh
@Levi_AMS
@libdep
@lmjwguarr
@lopesfernande
@LOVEINVENTURA
@lrrolvr
@lsentoes
@lucasapaulino
@luciamoura00
@luciano_hang
@luisnassif
@LuizBorgesJr89
@luizcebola
@luizmuller
@luizramosh
@LulaOficial
@lumarenn
@luresendes
@luvbcast
@madeiradez
@madkaco
@maestro_akira
@mairamedeiros
@MaizaNatal
@manotelli
@ManuelaDavila
@manuelkobel
@MaraLuquet
@marcelofjadv
@MarceloJGonca
@MarceloPintoBA
@marcelorubens
@MarchaHist
@MarcianoBrito13
@marcinhosuleta
@marcofeliciano
@marcogomes
@marcoscostazen
@MARCUSPITTER
@mariaclaraps
@MariaClaraSpine
@marinalang
@marisa_lobo
@marysonleal
@marzju
@matheus_hulle
@maurialbino
@mauriciostycer
@maxtel45
@MBLivre
@memescomuna
@MendesOnca
@meteaonde
@Mfutebolisticos
@MidiaNINJA
@mildignos3
@milenereis
@MilhoWonka
@Miltonneves
@misturadocvodka
@Mleitaonetto
@Moacyr51
@MONICAA18185163
@motadouglas
@MouraoVice
@MoyenneA
@mthribeiro17
@nanda_giagio
@NaoInviabilize
@Nazireu7
@neusappctwiter1
@Neydocaaa
@nilsonnsantos
@noticias_parana
@nunescfreitas
@o_antagonista
@OBrasilFeliz
@Observar_
@OCarrivale
@oConsciente
@OCorvo_
@OGloboPolitica
@ojacaredetanga
@olhardigital
@OsvladPereira
@PachecaoMG
@palmeriodoria
@pandlernews
@pastorapatricia
@PastorMalafaia
@patggou1
@paulo_h_120188
@paulo_oshiro
@pauloap
@pauloguedes_17
@PauloMartins10
@PauloMenoti
@pauloteixeira13
@Paulox36
@pdevechi
@pecanha_nilo
@pecesiqueira
@pedroprola
@pejulio
@perini_nadia
@peterjordan100
@pfnery
@pfvcarou
@pinhead_lives
@Poder360
@PoetasFla
@Politica_Santos
@portalMSN
@ppacheco1
@Pragmatismo_
@PrDeboraM12
@predocindio
@prissguerrero1
@programatico1
@Proud_iberian
@psol50
@ptbrasil
@Ptsauro
@pubaldi24
@QueileSoares
@quesedani_se
@r0cc0
@Rafael_Soeiro
@RafaM_Pacheco
@raquelfromhell
@Rconstantino
@rdvilela
@redebrasilatual
@reinaldoazevedo
@renato_salles_
@republica_ctba
@RevistaCrusoe
@revistaforum
@RevistaISTOE
@ribeirosilva12
@Ricardorenato2
@Ricazinha
@riquefreire
@RiqueSampaio
@rjdsantana1
@rmtakata
@rmunda
@RodP13
@RodrigoRobles01
@Roger_Linhares
@rogerio_sinesio
@RomagagaGuidini
@Romilton48
@rosana_alfaro
@RoseBarros__
@rothbard_brasil
@roxmo
@RTPNoticias
@rua_direita
@Ruaaans
@RubinhoNunesMBL
@Rucoriar
@SaabBrasil
@SAAlves77
@samantamanta
@sandsilva
@sarahoficiaal
@sensacionalista
@sensoinc
@serbretas
@Shoujofan
@SICNoticias
@SigaPepeVargas
@SimoniSolange
@soakedright
@souto_mc
@SrtaLawyerBr17
@SSDeAraujo
@stockler_
@subeida1
@subversylvia
@SuCidreira
@SusyVitoria_
@syk4ryo
@tatyaguiar12
@taubate55
@terca_livre
@TerraSemMales
@ThaysVita
@Thiago68361937
@tiagorattes
@tifedias
@TioBooBooDepre
@Titus_Magnus
@TizianaAudino
@tomfm_
@tominnnie
@TonArruda1
@toutall
@trabalhosujo
@trajanojorge
@TssiaC
@ttiagotario
@turquim5
@UCCorrupcao
@UJSBRASIL
@UmaGataDeBotas
@umamedusadessa
@UNBORNness
@UOL
@UOLEsporte
@UOLNoticias
@vaIehomossexuaI
@valoreconomico
@VanessaPortugau
@VEJA
@VemLutarBrasil
@Vicky_Queirozz
@vimondoni
@VINICIUSMATHIAS
@viniverdelho
@viverdespenteia
@VivianFauvel
@vulgo_sabrina
@walterlello
@Wdbarros1
@Wellington1961
@willmummy
@woodstock_59
@WORD_NEWSS
@xicosa
@xlipesousa
@yashagallazzi
@yurivs
@zdoficial
@ZederOficial
@zehbrasil
@zehdeabreu
@ZenonLuz1
@zonegif
